2010/12/27 - 21:1:14:325688 ['BEAM' * systolic_array * <0.36.0>] --> "L# 207 :  Phase#1: fifthNode is starting... "
2010/12/27 - 21:1:14:325608 ['BEAM' * systolic_array * <0.32.0>] --> "L# 207 :  Phase#1: firstNode is starting... "
2010/12/27 - 21:1:14:325631 ['BEAM' * systolic_array * <0.33.0>] --> "L# 207 :  Phase#1: secondNode is starting... "
2010/12/27 - 21:1:14:325650 ['BEAM' * systolic_array * <0.34.0>] --> "L# 207 :  Phase#1: thirdNode is starting... "
2010/12/27 - 21:1:14:325669 ['BEAM' * systolic_array * <0.35.0>] --> "L# 207 :  Phase#1: forthNode is starting... "

2010/12/27 - 21:1:14:340047 ['BEAM' * systolic_array * <0.32.0>] --> "L# 47 :  Phase#1: firstNode <== 2 from pomper"

2010/12/27 - 21:1:14:351205 ['BEAM' * systolic_array * <0.32.0>] --> "L# 47 :  Phase#1: firstNode <== 1 from pomper"
2010/12/27 - 21:1:14:351561 ['BEAM' * systolic_array * <0.32.0>] --> "L# 63 :  Phase#1: firstNode ==> 2 to secondNode"

2010/12/27 - 21:1:14:362067 ['BEAM' * systolic_array * <0.32.0>] --> "L# 47 :  Phase#1: firstNode <== 5 from pomper"
2010/12/27 - 21:1:14:362147 ['BEAM' * systolic_array * <0.33.0>] --> "L# 47 :  Phase#1: secondNode <== 2 from firstNode"
2010/12/27 - 21:1:14:362485 ['BEAM' * systolic_array * <0.32.0>] --> "L# 58 :  Phase#1: firstNode ==> 5 to secondNode"

2010/12/27 - 21:1:14:373075 ['BEAM' * systolic_array * <0.32.0>] --> "L# 47 :  Phase#1: firstNode <== 0 from pomper"
2010/12/27 - 21:1:14:373153 ['BEAM' * systolic_array * <0.33.0>] --> "L# 47 :  Phase#1: secondNode <== 5 from firstNode"
2010/12/27 - 21:1:14:373494 ['BEAM' * systolic_array * <0.32.0>] --> "L# 63 :  Phase#1: firstNode ==> 1 to secondNode"
2010/12/27 - 21:1:14:373548 ['BEAM' * systolic_array * <0.33.0>] --> "L# 58 :  Phase#1: secondNode ==> 5 to thirdNode"

2010/12/27 - 21:1:14:378072 ['BEAM' * systolic_array * <0.34.0>] --> "L# 47 :  Phase#1: thirdNode <== 5 from secondNode"
2010/12/27 - 21:1:14:384094 ['BEAM' * systolic_array * <0.33.0>] --> "L# 47 :  Phase#1: secondNode <== 1 from firstNode"
2010/12/27 - 21:1:14:384176 ['BEAM' * systolic_array * <0.32.0>] --> "L# 47 :  Phase#1: firstNode <== 3 from pomper"
2010/12/27 - 21:1:14:384505 ['BEAM' * systolic_array * <0.33.0>] --> "L# 63 :  Phase#1: secondNode ==> 2 to thirdNode"
2010/12/27 - 21:1:14:384556 ['BEAM' * systolic_array * <0.32.0>] --> "L# 58 :  Phase#1: firstNode ==> 3 to secondNode"

2010/12/27 - 21:1:14:389131 ['BEAM' * systolic_array * <0.34.0>] --> "L# 47 :  Phase#1: thirdNode <== 2 from secondNode"
2010/12/27 - 21:1:14:389379 ['BEAM' * systolic_array * <0.34.0>] --> "L# 63 :  Phase#1: thirdNode ==> 5 to forthNode"
2010/12/27 - 21:1:14:395076 ['BEAM' * systolic_array * <0.33.0>] --> "L# 47 :  Phase#1: secondNode <== 3 from firstNode"
2010/12/27 - 21:1:14:395336 ['BEAM' * systolic_array * <0.33.0>] --> "L# 58 :  Phase#1: secondNode ==> 3 to thirdNode"

2010/12/27 - 21:1:14:400074 ['BEAM' * systolic_array * <0.34.0>] --> "L# 47 :  Phase#1: thirdNode <== 3 from secondNode"
2010/12/27 - 21:1:14:400123 ['BEAM' * systolic_array * <0.35.0>] --> "L# 47 :  Phase#1: forthNode <== 5 from thirdNode"
2010/12/27 - 21:1:14:400759 ['BEAM' * systolic_array * <0.34.0>] --> "L# 58 :  Phase#1: thirdNode ==> 3 to forthNode"

2010/12/27 - 21:1:14:411119 ['BEAM' * systolic_array * <0.35.0>] --> "L# 47 :  Phase#1: forthNode <== 3 from thirdNode"
2010/12/27 - 21:1:14:411382 ['BEAM' * systolic_array * <0.35.0>] --> "L# 63 :  Phase#1: forthNode ==> 5 to fifthNode"

2010/12/27 - 21:1:14:419205 ['BEAM' * systolic_array * <0.36.0>] --> "L# 47 :  Phase#1: fifthNode <== 5 from forthNode"

2010/12/27 - 21:1:14:529107 ['BEAM' * systolic_array * <0.36.0>] --> "L# 118 :  Phase#2: fifthNode ==> 5 to forthNode"
2010/12/27 - 21:1:14:532095 ['BEAM' * systolic_array * <0.35.0>] --> "L# 163 :  Phase#2: forthNode <== 5 from fifthNode"
2010/12/27 - 21:1:14:532679 ['BEAM' * systolic_array * <0.35.0>] --> "L# 176 :  Phase#2: forthNode ==> 3 to thirdNode"
2010/12/27 - 21:1:14:540089 ['BEAM' * systolic_array * <0.36.0>] --> "L# 118 :  Phase#2: fifthNode ==> -999 to forthNode"
2010/12/27 - 21:1:14:540291 ['BEAM' * systolic_array * <0.36.0>] --> "L# 211 : fifthNode is stopping ...."
2010/12/27 - 21:1:14:547092 ['BEAM' * systolic_array * <0.35.0>] --> "L# 138 :  Phase#2: forthNode <== -999 from fifthNode"
2010/12/27 - 21:1:14:547170 ['BEAM' * systolic_array * <0.34.0>] --> "L# 163 :  Phase#2: thirdNode <== 3 from forthNode"
2010/12/27 - 21:1:14:547529 ['BEAM' * systolic_array * <0.35.0>] --> "L# 151 :  Phase#2: forthNode ==> 5 to thirdNode"
2010/12/27 - 21:1:14:547576 ['BEAM' * systolic_array * <0.34.0>] --> "L# 176 :  Phase#2: thirdNode ==> 2 to secondNode"
2010/12/27 - 21:1:14:547826 ['BEAM' * systolic_array * <0.35.0>] --> "L# 154 :  Phase#2: forthNode ==> -999 to thirdNode"
2010/12/27 - 21:1:14:547980 ['BEAM' * systolic_array * <0.35.0>] --> "L# 211 : forthNode is stopping ...."
2010/12/27 - 21:1:14:551475 ['BEAM' * systolic_array * <0.33.0>] --> "L# 163 :  Phase#2: secondNode <== 2 from thirdNode"
2010/12/27 - 21:1:14:551681 ['BEAM' * systolic_array * <0.33.0>] --> "L# 176 :  Phase#2: secondNode ==> 1 to firstNode"
2010/12/27 - 21:1:14:558077 ['BEAM' * systolic_array * <0.34.0>] --> "L# 163 :  Phase#2: thirdNode <== 5 from forthNode"
2010/12/27 - 21:1:14:558274 ['BEAM' * systolic_array * <0.34.0>] --> "L# 176 :  Phase#2: thirdNode ==> 3 to secondNode"
2010/12/27 - 21:1:14:562101 ['BEAM' * systolic_array * <0.33.0>] --> "L# 163 :  Phase#2: secondNode <== 3 from thirdNode"
2010/12/27 - 21:1:14:562393 ['BEAM' * systolic_array * <0.32.0>] --> "L# 163 :  Phase#2: firstNode <== 1 from secondNode"
2010/12/27 - 21:1:14:562709 ['BEAM' * systolic_array * <0.33.0>] --> "L# 176 :  Phase#2: secondNode ==> 2 to firstNode"
2010/12/27 - 21:1:14:562751 ['BEAM' * systolic_array * <0.32.0>] --> "L# 169 :  Phase#2: firstNode outputs: 0"
2010/12/27 - 21:1:14:569102 ['BEAM' * systolic_array * <0.34.0>] --> "L# 138 :  Phase#2: thirdNode <== -999 from forthNode"
2010/12/27 - 21:1:14:569364 ['BEAM' * systolic_array * <0.34.0>] --> "L# 151 :  Phase#2: thirdNode ==> 5 to secondNode"
2010/12/27 - 21:1:14:569533 ['BEAM' * systolic_array * <0.34.0>] --> "L# 154 :  Phase#2: thirdNode ==> -999 to secondNode"
2010/12/27 - 21:1:14:569672 ['BEAM' * systolic_array * <0.34.0>] --> "L# 211 : thirdNode is stopping ...."
2010/12/27 - 21:1:14:573098 ['BEAM' * systolic_array * <0.32.0>] --> "L# 163 :  Phase#2: firstNode <== 2 from secondNode"
2010/12/27 - 21:1:14:573161 ['BEAM' * systolic_array * <0.33.0>] --> "L# 163 :  Phase#2: secondNode <== 5 from thirdNode"
2010/12/27 - 21:1:14:573499 ['BEAM' * systolic_array * <0.32.0>] --> "L# 169 :  Phase#2: firstNode outputs: 1"
2010/12/27 - 21:1:14:573545 ['BEAM' * systolic_array * <0.33.0>] --> "L# 176 :  Phase#2: secondNode ==> 3 to firstNode"
2010/12/27 - 21:1:14:584092 ['BEAM' * systolic_array * <0.33.0>] --> "L# 138 :  Phase#2: secondNode <== -999 from thirdNode"
2010/12/27 - 21:1:14:584149 ['BEAM' * systolic_array * <0.32.0>] --> "L# 163 :  Phase#2: firstNode <== 3 from secondNode"
2010/12/27 - 21:1:14:584474 ['BEAM' * systolic_array * <0.33.0>] --> "L# 151 :  Phase#2: secondNode ==> 5 to firstNode"
2010/12/27 - 21:1:14:584521 ['BEAM' * systolic_array * <0.32.0>] --> "L# 169 :  Phase#2: firstNode outputs: 2"
2010/12/27 - 21:1:14:584761 ['BEAM' * systolic_array * <0.33.0>] --> "L# 154 :  Phase#2: secondNode ==> -999 to firstNode"
2010/12/27 - 21:1:14:584923 ['BEAM' * systolic_array * <0.33.0>] --> "L# 211 : secondNode is stopping ...."
2010/12/27 - 21:1:14:595085 ['BEAM' * systolic_array * <0.32.0>] --> "L# 163 :  Phase#2: firstNode <== 5 from secondNode"
2010/12/27 - 21:1:14:595256 ['BEAM' * systolic_array * <0.32.0>] --> "L# 169 :  Phase#2: firstNode outputs: 3"
2010/12/27 - 21:1:14:606093 ['BEAM' * systolic_array * <0.32.0>] --> "L# 138 :  Phase#2: firstNode <== -999 from secondNode"
2010/12/27 - 21:1:14:606340 ['BEAM' * systolic_array * <0.32.0>] --> "L# 144 :  Phase#2: firstNode outputs: 5"
2010/12/27 - 21:1:14:606487 ['BEAM' * systolic_array * <0.32.0>] --> "L# 211 : firstNode is stopping ...."
